2022-11-12 17:35:42.193 [INFO]: #########   test start  #####
2022-11-12 17:35:42.194 [INFO]: 
2022-11-12 17:35:42.196 [INFO]: 
2022-11-12 17:35:42.197 [INFO]: 
2022-11-12 17:35:42.198 [ERROR]: nwlrbbmqbhcdarzowkkyhiddqscdxrjmowfrxsjybldbefsarcbynecdyggxxpklorellnmpapqfwkhopkmcoqhnwnkuewhsqmgbbuqcljjivswmdkqtbxixmvtrrbljptnsnfwzqfjmafadrrwsofsbcnuvqhffbsaqxwpqcacehchzvfrkmlnozjkpqpxrjxkitzyxacbhhkicqcoendtomfgdwdwfcgpxiqvkuytdlcgdewhtaciohordtqkvwcsgspqoqmsboaguwnnyqxnzlgdgwpbtrwblnsadeuguumoqcdrubetokyxhoachwdvmxxrdryxlmndqtukwagmlejuukwcibxubumenmeyatdrmydiajxloghiqfmzhlvihjouvsuyoypayulyeimuotehzriicfskpggkbbipzzrzucxamludfykgruowzgiooobppleqlwphapjnadqhdcnvwdtxjbmyppphauxnspusgdhiixqmbfjxjcvud
2022-11-12 17:35:42.199 [INFO]: nwlrbbmqbhcdarzowkkyhiddqscdxrjmowfrxsjybldbefsarcbynecdyggxxpklorellnmpapqfwkhopkmcoqhnwnkuewhsqmgbbuqcljjivswmdkqtbxixmvtrrbljptnsnfwzqfjmafadrrwsofsbcnuvqhffbsaqxwpqcacehchzvfrkmlnozjkpqpxrjxkitzyxacbhhkicqcoendtomfgdwdwfcgpxiqvkuytdlcgdewhtaciohordtqkvwcsgspqoqmsboaguwnnyqxnzlgdgwpbtrwblnsadeuguumoqcdrubetokyxhoachwdvmxxrdryxlmndqtukwagmlejuukwcibxubumenmeyatdrmydiajxloghiqfmzhlvihjouvsuyoypayulyeimuotehzriicfskpggkbbipzzrzucxamludfykgruowzgiooobppleqlwphapjnadqhdcnvwdtxjbmyppphauxnspusgdhiixqmbfjxjcvud
2022-11-12 17:35:42.201 [WARN]: nwlrbbmqbhcdarzowkkyhiddqscdxrjmowfrxsjybldbefsarcbynecdyggxxpklorellnmpapqfwkhopkmcoqhnwnkuewhsqmgbbuqcljjivswmdkqtbxixmvtrrbljptnsnfwzqfjmafadrrwsofsbcnuvqhffbsaqxwpqcacehchzvfrkmlnozjkpqpxrjxkitzyxacbhhkicqcoendtomfgdwdwfcgpxiqvkuytdlcgdewhtaciohordtqkvwcsgspqoqmsboaguwnnyqxnzlgdgwpbtrwblnsadeuguumoqcdrubetokyxhoachwdvmxxrdryxlmndqtukwagmlejuukwcibxubumenmeyatdrmydiajxloghiqfmzhlvihjouvsuyoypayulyeimuotehzriicfskpggkbbipzzrzucxamludfykgruowzgiooobppleqlwphapjnadqhdcnvwdtxjbmyppphauxnspusgdhiixqmbfjxjcvud
2022-11-12 17:35:42.202 [DEBUG]: ####### log print finish ! print count = 1 #######
2022-11-12 17:35:42.204 [ERROR]: nwlrbbmqbhcdarzowkkyhiddqscdxrjmowfrxsjybldbefsarcbynecdyggxxpklorellnmpapqfwkhopkmcoqhnwnkuewhsqmgbbuqcljjivswmdkqtbxixmvtrrbljptnsnfwzqfjmafadrrwsofsbcnuvqhffbsaqxwpqcacehchzvfrkmlnozjkpqpxrjxkitzyxacbhhkicqcoendtomfgdwdwfcgpxiqvkuytdlcgdewhtaciohordtqkvwcsgspqoqmsboaguwnnyqxnzlgdgwpbtrwblnsadeuguumoqcdrubetokyxhoachwdvmxxrdryxlmndqtukwagmlejuukwcibxubumenmeyatdrmydiajxloghiqfmzhlvihjouvsuyoypayulyeimuotehzriicfskpggkbbipzzrzucxamludfykgruowzgiooobppleqlwphapjnadqhdcnvwdtxjbmyppphauxnspusgdhiixqmbfjxjcvud
2022-11-12 17:35:42.205 [INFO]: nwlrbbmqbhcdarzowkkyhiddqscdxrjmowfrxsjybldbefsarcbynecdyggxxpklorellnmpapqfwkhopkmcoqhnwnkuewhsqmgbbuqcljjivswmdkqtbxixmvtrrbljptnsnfwzqfjmafadrrwsofsbcnuvqhffbsaqxwpqcacehchzvfrkmlnozjkpqpxrjxkitzyxacbhhkicqcoendtomfgdwdwfcgpxiqvkuytdlcgdewhtaciohordtqkvwcsgspqoqmsboaguwnnyqxnzlgdgwpbtrwblnsadeuguumoqcdrubetokyxhoachwdvmxxrdryxlmndqtukwagmlejuukwcibxubumenmeyatdrmydiajxloghiqfmzhlvihjouvsuyoypayulyeimuotehzriicfskpggkbbipzzrzucxamludfykgruowzgiooobppleqlwphapjnadqhdcnvwdtxjbmyppphauxnspusgdhiixqmbfjxjcvud
2022-11-12 17:35:42.206 [WARN]: nwlrbbmqbhcdarzowkkyhiddqscdxrjmowfrxsjybldbefsarcbynecdyggxxpklorellnmpapqfwkhopkmcoqhnwnkuewhsqmgbbuqcljjivswmdkqtbxixmvtrrbljptnsnfwzqfjmafadrrwsofsbcnuvqhffbsaqxwpqcacehchzvfrkmlnozjkpqpxrjxkitzyxacbhhkicqcoendtomfgdwdwfcgpxiqvkuytdlcgdewhtaciohordtqkvwcsgspqoqmsboaguwnnyqxnzlgdgwpbtrwblnsadeuguumoqcdrubetokyxhoachwdvmxxrdryxlmndqtukwagmlejuukwcibxubumenmeyatdrmydiajxloghiqfmzhlvihjouvsuyoypayulyeimuotehzriicfskpggkbbipzzrzucxamludfykgruowzgiooobppleqlwphapjnadqhdcnvwdtxjbmyppphauxnspusgdhiixqmbfjxjcvud
2022-11-12 17:35:42.207 [DEBUG]: ####### log print finish ! print count = 2 #######
2022-11-12 17:35:42.209 [ERROR]: nwlrbbmqbhcdarzowkkyhiddqscdxrjmowfrxsjybldbefsarcbynecdyggxxpklorellnmpapqfwkhopkmcoqhnwnkuewhsqmgbbuqcljjivswmdkqtbxixmvtrrbljptnsnfwzqfjmafadrrwsofsbcnuvqhffbsaqxwpqcacehchzvfrkmlnozjkpqpxrjxkitzyxacbhhkicqcoendtomfgdwdwfcgpxiqvkuytdlcgdewhtaciohordtqkvwcsgspqoqmsboaguwnnyqxnzlgdgwpbtrwblnsadeuguumoqcdrubetokyxhoachwdvmxxrdryxlmndqtukwagmlejuukwcibxubumenmeyatdrmydiajxloghiqfmzhlvihjouvsuyoypayulyeimuotehzriicfskpggkbbipzzrzucxamludfykgruowzgiooobppleqlwphapjnadqhdcnvwdtxjbmyppphauxnspusgdhiixqmbfjxjcvud
2022-11-12 17:35:42.211 [INFO]: nwlrbbmqbhcdarzowkkyhiddqscdxrjmowfrxsjybldbefsarcbynecdyggxxpklorellnmpapqfwkhopkmcoqhnwnkuewhsqmgbbuqcljjivswmdkqtbxixmvtrrbljptnsnfwzqfjmafadrrwsofsbcnuvqhffbsaqxwpqcacehchzvfrkmlnozjkpqpxrjxkitzyxacbhhkicqcoendtomfgdwdwfcgpxiqvkuytdlcgdewhtaciohordtqkvwcsgspqoqmsboaguwnnyqxnzlgdgwpbtrwblnsadeuguumoqcdrubetokyxhoachwdvmxxrdryxlmndqtukwagmlejuukwcibxubumenmeyatdrmydiajxloghiqfmzhlvihjouvsuyoypayulyeimuotehzriicfskpggkbbipzzrzucxamludfykgruowzgiooobppleqlwphapjnadqhdcnvwdtxjbmyppphauxnspusgdhiixqmbfjxjcvud
2022-11-12 17:35:42.212 [WARN]: nwlrbbmqbhcdarzowkkyhiddqscdxrjmowfrxsjybldbefsarcbynecdyggxxpklorellnmpapqfwkhopkmcoqhnwnkuewhsqmgbbuqcljjivswmdkqtbxixmvtrrbljptnsnfwzqfjmafadrrwsofsbcnuvqhffbsaqxwpqcacehchzvfrkmlnozjkpqpxrjxkitzyxacbhhkicqcoendtomfgdwdwfcgpxiqvkuytdlcgdewhtaciohordtqkvwcsgspqoqmsboaguwnnyqxnzlgdgwpbtrwblnsadeuguumoqcdrubetokyxhoachwdvmxxrdryxlmndqtukwagmlejuukwcibxubumenmeyatdrmydiajxloghiqfmzhlvihjouvsuyoypayulyeimuotehzriicfskpggkbbipzzrzucxamludfykgruowzgiooobppleqlwphapjnadqhdcnvwdtxjbmyppphauxnspusgdhiixqmbfjxjcvud
2022-11-12 17:35:42.214 [DEBUG]: ####### log print finish ! print count = 3 #######
2022-11-12 17:35:42.216 [DEBUG]: thread start!!!!!
2022-11-12 17:35:42.217 [INFO]:  thread_id =-1561745664 start run!
2022-11-12 17:35:42.219 [INFO]: 
2022-11-12 17:35:42.220 [INFO]: 
2022-11-12 17:35:42.221 [INFO]: 
2022-11-12 17:35:42.222 [INFO]: #########   test end  #####
